<?xml version="1.0" encoding="UTF-8"?>
<testng-results ignored="0" total="1" passed="1" failed="0" skipped="0">
  <reporter-output>
  </reporter-output>
  <suite started-at="2025-01-29T19:01:08 IST" name="Default suite" finished-at="2025-01-29T19:01:29 IST" duration-ms="21026">
    <groups>
    </groups>
    <test started-at="2025-01-29T19:01:08 IST" name="Default test" finished-at="2025-01-29T19:01:29 IST" duration-ms="21026">
      <class name="LoginTest.LoginTest">
        <test-method signature="initiateDriver()[pri:0, instance:LoginTest.LoginTest@6c6cb480]" started-at="2025-01-29T19:01:08 IST" name="initiateDriver" finished-at="2025-01-29T19:01:29 IST" duration-ms="20995" status="PASS">
          <reporter-output>
          </reporter-output>
        </test-method> <!-- initiateDriver -->
      </class> <!-- LoginTest.LoginTest -->
    </test> <!-- Default test -->
  </suite> <!-- Default suite -->
</testng-results>
